<?xml version="1.0" encoding="UTF-8"?>
<!-- Generated by org.testng.reporters.JUnitXMLReporter -->
<testsuite ignored="0" hostname="POOLW42SLPC5699" failures="0" tests="1" name="NopCommerce_TestCase" time="43.83" errors="0" timestamp="12 Dec 2022 04:44:39 GMT">
  <testcase classname="TestCase.xlogist_TestCase" name="@AfterMethod tearDown" time="0.404">
    <failure type="java.lang.NullPointerException" message="Cannot invoke &amp;quot;com.relevantcodes.extentreports.ExtentReports.endTest(com.relevantcodes.extentreports.ExtentTest)&amp;quot; because &amp;quot;Utility.ExtentReportmanager.extentReport&amp;quot; is null">
      <![CDATA[java.lang.NullPointerException: Cannot invoke "com.relevantcodes.extentreports.ExtentReports.endTest(com.relevantcodes.extentreports.ExtentTest)" because "Utility.ExtentReportmanager.extentReport" is null
at TestCase.xlogist_TestCase.tearDown(xlogist_TestCase.java:158)
... Removed 26 stack frames]]>
    </failure>
  </testcase> <!-- @AfterMethod tearDown -->
  <testcase classname="TestCase.xlogist_TestCase" name="@AfterClass stopReport" time="0.0">
    <skipped/>
  </testcase> <!-- @AfterClass stopReport -->
  <testcase classname="TestCase.xlogist_TestCase" name="login" time="3.01"/>
</testsuite> <!-- NopCommerce_TestCase -->
